Determining if the pthread_create exist failed with the following output:
Change Dir: /users/studs/bsc/2020/yadinben/Desktop/assignment3/Client/cmake-build-debug/CMakeFiles/CMakeTmp

Run Build Command:"/usr/bin/make" "cmTC_9d363/fast"
/usr/bin/make -f CMakeFiles/cmTC_9d363.dir/build.make CMakeFiles/cmTC_9d363.dir/build
make[1]: Entering directory '/users/studs/bsc/2020/yadinben/Desktop/assignment3/Client/cmake-build-debug/CMakeFiles/CMakeTmp'
Building C object CMakeFiles/cmTC_9d363.dir/CheckSymbolExists.c.o
/usr/bin/cc    -o CMakeFiles/cmTC_9d363.dir/CheckSymbolExists.c.o   -c /users/studs/bsc/2020/yadinben/Desktop/assignment3/Client/cmake-build-debug/CMakeFiles/CMakeTmp/CheckSymbolExists.c
Linking C executable cmTC_9d363
/usr/bin/cmake -E cmake_link_script CMakeFiles/cmTC_9d363.dir/link.txt --verbose=1
/usr/bin/cc      CMakeFiles/cmTC_9d363.dir/CheckSymbolExists.c.o  -o cmTC_9d363 
CMakeFiles/cmTC_9d363.dir/CheckSymbolExists.c.o: In function `main':
CheckSymbolExists.c:(.text+0x1b): undefined reference to `pthread_create'
collect2: error: ld returned 1 exit status
CMakeFiles/cmTC_9d363.dir/build.make:97: recipe for target 'cmTC_9d363' failed
make[1]: *** [cmTC_9d363] Error 1
make[1]: Leaving directory '/users/studs/bsc/2020/yadinben/Desktop/assignment3/Client/cmake-build-debug/CMakeFiles/CMakeTmp'
Makefile:126: recipe for target 'cmTC_9d363/fast' failed
make: *** [cmTC_9d363/fast] Error 2

File /users/studs/bsc/2020/yadinben/Desktop/assignment3/Client/cmake-build-debug/CMakeFiles/CMakeTmp/CheckSymbolExists.c:
/* */
#include <pthread.h>

int main(int argc, char** argv)
{
  (void)argv;
#ifndef pthread_create
  return ((int*)(&pthread_create))[argc];
#else
  (void)argc;
  return 0;
#endif
}

Determining if the function pthread_create exists in the pthreads failed with the following output:
Change Dir: /users/studs/bsc/2020/yadinben/Desktop/assignment3/Client/cmake-build-debug/CMakeFiles/CMakeTmp

Run Build Command:"/usr/bin/make" "cmTC_9278a/fast"
/usr/bin/make -f CMakeFiles/cmTC_9278a.dir/build.make CMakeFiles/cmTC_9278a.dir/build
make[1]: Entering directory '/users/studs/bsc/2020/yadinben/Desktop/assignment3/Client/cmake-build-debug/CMakeFiles/CMakeTmp'
Building C object CMakeFiles/cmTC_9278a.dir/CheckFunctionExists.c.o
/usr/bin/cc   -DCHECK_FUNCTION_EXISTS=pthread_create   -o CMakeFiles/cmTC_9278a.dir/CheckFunctionExists.c.o   -c /usr/share/cmake-3.10/Modules/CheckFunctionExists.c
Linking C executable cmTC_9278a
/usr/bin/cmake -E cmake_link_script CMakeFiles/cmTC_9278a.dir/link.txt --verbose=1
/usr/bin/cc  -DCHECK_FUNCTION_EXISTS=pthread_create    CMakeFiles/cmTC_9278a.dir/CheckFunctionExists.c.o  -o cmTC_9278a -lpthreads 
/usr/bin/ld: cannot find -lpthreads
collect2: error: ld returned 1 exit status
CMakeFiles/cmTC_9278a.dir/build.make:97: recipe for target 'cmTC_9278a' failed
make[1]: *** [cmTC_9278a] Error 1
make[1]: Leaving directory '/users/studs/bsc/2020/yadinben/Desktop/assignment3/Client/cmake-build-debug/CMakeFiles/CMakeTmp'
Makefile:126: recipe for target 'cmTC_9278a/fast' failed
make: *** [cmTC_9278a/fast] Error 2


